<?xml version="1.0" encoding="UTF-8"?>
<!-- Generated by org.testng.reporters.JUnitXMLReporter -->
<testsuite ignored="0" hostname="DESKTOP-H0DD1EQ" failures="0" tests="4" name="Test" time="17.43" errors="0" timestamp="2024-08-04T22:53:19 IST">
  <testcase classname="api.testcases.UserTest" name="testCreateUser" time="7.228"/>
  <testcase classname="api.testcases.UserTest" name="testGetUserData" time="1.735"/>
  <testcase classname="api.testcases.UserTest" name="testUpdateUser" time="3.657"/>
  <testcase classname="api.testcases.UserTest" name="testDeleteUser" time="1.821"/>
</testsuite> <!-- Test -->
